Using protocol: udp
jackdmp 1.9.10
Copyright 2001-2005 Paul Davis and others.
Copyright 2004-2014 Grame.
jackdmp comes with ABSOLUTELY NO WARRANTY
This is free software, and you are welcome to redistribute it
under certain conditions; see the file COPYING for details
JACK server starting in realtime mode with priority 10
self-connect-mode is "Don't restrict self connect requests"
audio_reservation_init
Acquire audio card Audio0
creating alsa driver ... hw:0|hw:0|2048|3|44100|0|0|nomon|swmeter|-|32bit
configuring for 44100Hz, period = 2048 frames (46.4 ms), buffer = 3 periods
ALSA: final selected sample format for playback: 16bit little-endian
ALSA: use 3 periods for playback
Released audio card Audio0
audio_reservation_finish
saving: workspace_zero.spi
saving: workspace_zero.spi
saving: workspace_zero.spi
saving: workspace_zero.spi
saving: workspace_zero.spi
saving: workspace_zero.spi
saving: workspace_zero.spi
saving: workspace_zero.spi
saving: workspace_one.spi
saving: workspace_two.spi
saving: workspace_three.spi
saving: workspace_four.spi
saving: workspace_five.spi
saving: workspace_six.spi
saving: workspace_seven.spi
saving: workspace_eight.spi
saving: workspace_nine.spi
